Determining if the pthread_create exist failed with the following output:
Change Dir: /home/ghost/src/slam/lidar/lidar_xmu/build/CMakeFiles/CMakeTmp

Run Build Command:"/usr/bin/make" "cmTC_e5cee/fast"
make[1]: Entering directory '/home/ghost/src/slam/lidar/lidar_xmu/build/CMakeFiles/CMakeTmp'
/usr/bin/make -f CMakeFiles/cmTC_e5cee.dir/build.make CMakeFiles/cmTC_e5cee.dir/build
make[2]: Entering directory '/home/ghost/src/slam/lidar/lidar_xmu/build/CMakeFiles/CMakeTmp'
Building C object CMakeFiles/cmTC_e5cee.dir/CheckSymbolExists.c.o
/usr/bin/cc    -o CMakeFiles/cmTC_e5cee.dir/CheckSymbolExists.c.o   -c /home/ghost/src/slam/lidar/lidar_xmu/build/CMakeFiles/CMakeTmp/CheckSymbolExists.c
Linking C executable cmTC_e5cee
/usr/bin/cmake -E cmake_link_script CMakeFiles/cmTC_e5cee.dir/link.txt --verbose=1
/usr/bin/cc      CMakeFiles/cmTC_e5cee.dir/CheckSymbolExists.c.o  -o cmTC_e5cee 
CMakeFiles/cmTC_e5cee.dir/CheckSymbolExists.c.o: In function `main':
CheckSymbolExists.c:(.text+0x1b): undefined reference to `pthread_create'
collect2: error: ld returned 1 exit status
CMakeFiles/cmTC_e5cee.dir/build.make:97: recipe for target 'cmTC_e5cee' failed
make[2]: *** [cmTC_e5cee] Error 1
make[2]: Leaving directory '/home/ghost/src/slam/lidar/lidar_xmu/build/CMakeFiles/CMakeTmp'
Makefile:126: recipe for target 'cmTC_e5cee/fast' failed
make[1]: *** [cmTC_e5cee/fast] Error 2
make[1]: Leaving directory '/home/ghost/src/slam/lidar/lidar_xmu/build/CMakeFiles/CMakeTmp'

File /home/ghost/src/slam/lidar/lidar_xmu/build/CMakeFiles/CMakeTmp/CheckSymbolExists.c:
/* */
#include <pthread.h>

int main(int argc, char** argv)
{
  (void)argv;
#ifndef pthread_create
  return ((int*)(&pthread_create))[argc];
#else
  (void)argc;
  return 0;
#endif
}

Determining if the function pthread_create exists in the pthreads failed with the following output:
Change Dir: /home/ghost/src/slam/lidar/lidar_xmu/build/CMakeFiles/CMakeTmp

Run Build Command:"/usr/bin/make" "cmTC_acc2e/fast"
make[1]: Entering directory '/home/ghost/src/slam/lidar/lidar_xmu/build/CMakeFiles/CMakeTmp'
/usr/bin/make -f CMakeFiles/cmTC_acc2e.dir/build.make CMakeFiles/cmTC_acc2e.dir/build
make[2]: Entering directory '/home/ghost/src/slam/lidar/lidar_xmu/build/CMakeFiles/CMakeTmp'
Building C object CMakeFiles/cmTC_acc2e.dir/CheckFunctionExists.c.o
/usr/bin/cc   -DCHECK_FUNCTION_EXISTS=pthread_create   -o CMakeFiles/cmTC_acc2e.dir/CheckFunctionExists.c.o   -c /usr/share/cmake-3.10/Modules/CheckFunctionExists.c
Linking C executable cmTC_acc2e
/usr/bin/cmake -E cmake_link_script CMakeFiles/cmTC_acc2e.dir/link.txt --verbose=1
/usr/bin/cc  -DCHECK_FUNCTION_EXISTS=pthread_create    CMakeFiles/cmTC_acc2e.dir/CheckFunctionExists.c.o  -o cmTC_acc2e -lpthreads 
/usr/bin/x86_64-linux-gnu-ld: cannot find -lpthreads
collect2: error: ld returned 1 exit status
CMakeFiles/cmTC_acc2e.dir/build.make:97: recipe for target 'cmTC_acc2e' failed
make[2]: *** [cmTC_acc2e] Error 1
make[2]: Leaving directory '/home/ghost/src/slam/lidar/lidar_xmu/build/CMakeFiles/CMakeTmp'
Makefile:126: recipe for target 'cmTC_acc2e/fast' failed
make[1]: *** [cmTC_acc2e/fast] Error 2
make[1]: Leaving directory '/home/ghost/src/slam/lidar/lidar_xmu/build/CMakeFiles/CMakeTmp'


